[2016-10-25 17:39:56] local.ERROR: PDOException: SQLSTATE[42S22]: Column not found: 1054 Unknown column 'telecom_order.deleted_at' in 'where clause' in D:\UPUPW_K1.9\htdocs\xhplusadmin\vendor\laravel\framework\src\Illuminate\Database\Connection.php:333
Stack trace:
#0 D:\UPUPW_K1.9\htdocs\xhplusadmin\vendor\laravel\framework\src\Illuminate\Database\Connection.php(333): PDO->prepare('select count(*)...')
#1 D:\UPUPW_K1.9\htdocs\xhplusadmin\vendor\laravel\framework\src\Illuminate\Database\Connection.php(718): Illuminate\Database\Connection->Illuminate\Database\{closure}(Object(Illuminate\Database\MySqlConnection), 'select count(*)...', Array)
#2 D:\UPUPW_K1.9\htdocs\xhplusadmin\vendor\laravel\framework\src\Illuminate\Database\Connection.php(681): Illuminate\Database\Connection->runQueryCallback('select count(*)...', Array, Object(Closure))
#3 D:\UPUPW_K1.9\htdocs\xhplusadmin\vendor\laravel\framework\src\Illuminate\Database\Connection.php(347): Illuminate\Database\Connection->run('select count(*)...', Array, Object(Closure))
#4 D:\UPUPW_K1.9\htdocs\xhplusadmin\vendor\laravel\framework\src\Illuminate\Database\Query\Builder.php(1583): Illuminate\Database\Connection->select('select count(*)...', Array, true)
#5 D:\UPUPW_K1.9\htdocs\xhplusadmin\vendor\laravel\framework\src\Illuminate\Database\Query\Builder.php(1569): Illuminate\Database\Query\Builder->runSelect()
#6 D:\UPUPW_K1.9\htdocs\xhplusadmin\vendor\laravel\framework\src\Illuminate\Database\Query\Builder.php(1644): Illuminate\Database\Query\Builder->get()
#7 D:\UPUPW_K1.9\htdocs\xhplusadmin\vendor\laravel\framework\src\Illuminate\Database\Eloquent\Builder.php(491): Illuminate\Database\Query\Builder->getCountForPagination()
#8 D:\UPUPW_K1.9\htdocs\xhplusadmin\app\Repositories\TelecomOrderRepositoryEloquent.php(34): Illuminate\Database\Eloquent\Builder->paginate(20)
#9 D:\UPUPW_K1.9\htdocs\xhplusadmin\app\Http\Controllers\Admin\TelecomController.php(133): App\Repositories\TelecomOrderRepositoryEloquent->getTelecomOrders()
#10 [internal function]: App\Http\Controllers\Admin\TelecomController->order()
#11 D:\UPUPW_K1.9\htdocs\xhplusadmin\vendor\laravel\framework\src\Illuminate\Routing\Controller.php(80): call_user_func_array(Array, Array)
#12 D:\UPUPW_K1.9\htdocs\xhplusadmin\vendor\laravel\framework\src\Illuminate\Routing\ControllerDispatcher.php(146): Illuminate\Routing\Controller->callAction('order', Array)
#13 D:\UPUPW_K1.9\htdocs\xhplusadmin\vendor\laravel\framework\src\Illuminate\Routing\ControllerDispatcher.php(94): Illuminate\Routing\ControllerDispatcher->call(Object(App\Http\Controllers\Admin\TelecomController), Object(Illuminate\Routing\Route), 'order')
#14 [internal function]: Illuminate\Routing\ControllerDispatcher->Illuminate\Routing\{closure}(Object(Illuminate\Http\Request))
#15 D:\UPUPW_K1.9\htdocs\xhplusadmin\vendor\laravel\framework\src\Illuminate\Routing\Pipeline.php(52): call_user_func(Object(Closure), Object(Illuminate\Http\Request))
#16 D:\UPUPW_K1.9\htdocs\xhplusadmin\app\Http\Middleware\AuthenticateAdmin.php(25): Illuminate\Routing\Pipeline->Illuminate\Routing\{closure}(Object(Illuminate\Http\Request))
#17 [internal function]: App\Http\Middleware\AuthenticateAdmin->handle(Object(Illuminate\Http\Request), Object(Closure))
#18 D:\UPUPW_K1.9\htdocs\xhplusadmin\vendor\laravel\framework\src\Illuminate\Pipeline\Pipeline.php(136): call_user_func_array(Array, Array)
#19 [internal function]: Illuminate\Pipeline\Pipeline->Illuminate\Pipeline\{closure}(Object(Illuminate\Http\Request))
#20 D:\UPUPW_K1.9\htdocs\xhplusadmin\vendor\laravel\framework\src\Illuminate\Routing\Pipeline.php(32): call_user_func(Object(Closure), Object(Illuminate\Http\Request))
#21 [internal function]: Illuminate\Routing\Pipeline->Illuminate\Routing\{closure}(Object(Illuminate\Http\Request))
#22 D:\UPUPW_K1.9\htdocs\xhplusadmin\vendor\laravel\framework\src\Illuminate\Pipeline\Pipeline.php(102): call_user_func(Object(Closure), Object(Illuminate\Http\Request))
#23 D:\UPUPW_K1.9\htdocs\xhplusadmin\vendor\laravel\framework\src\Illuminate\Routing\ControllerDispatcher.php(96): Illuminate\Pipeline\Pipeline->then(Object(Closure))
#24 D:\UPUPW_K1.9\htdocs\xhplusadmin\vendor\laravel\framework\src\Illuminate\Routing\ControllerDispatcher.php(54): Illuminate\Routing\ControllerDispatcher->callWithinStack(Object(App\Http\Controllers\Admin\TelecomController), Object(Illuminate\Routing\Route), Object(Illuminate\Http\Request), 'order')
#25 D:\UPUPW_K1.9\htdocs\xhplusadmin\vendor\laravel\framework\src\Illuminate\Routing\Route.php(174): Illuminate\Routing\ControllerDispatcher->dispatch(Object(Illuminate\Routing\Route), Object(Illuminate\Http\Request), 'App\\Http\\Contro...', 'order')
#26 D:\UPUPW_K1.9\htdocs\xhplusadmin\vendor\laravel\framework\src\Illuminate\Routing\Route.php(140): Illuminate\Routing\Route->runController(Object(Illuminate\Http\Request))
#27 D:\UPUPW_K1.9\htdocs\xhplusadmin\vendor\laravel\framework\src\Illuminate\Routing\Router.php(724): Illuminate\Routing\Route->run(Object(Illuminate\Http\Request))
#28 [internal function]: Illuminate\Routing\Router->Illuminate\Routing\{closure}(Object(Illuminate\Http\Request))
#29 D:\UPUPW_K1.9\htdocs\xhplusadmin\vendor\laravel\framework\src\Illuminate\Routing\Pipeline.php(52): call_user_func(Object(Closure), Object(Illuminate\Http\Request))
#30 D:\UPUPW_K1.9\htdocs\xhplusadmin\vendor\spatie\laravel-pjax\src\Middleware\FilterIfPjax.php(29): Illuminate\Routing\Pipeline->Illuminate\Routing\{closure}(Object(Illuminate\Http\Request))
#31 [internal function]: Spatie\Pjax\Middleware\FilterIfPjax->handle(Object(Illuminate\Http\Request), Object(Closure))
#32 D:\UPUPW_K1.9\htdocs\xhplusadmin\vendor\laravel\framework\src\Illuminate\Pipeline\Pipeline.php(136): call_user_func_array(Array, Array)
#33 [internal function]: Illuminate\Pipeline\Pipeline->Illuminate\Pipeline\{closure}(Object(Illuminate\Http\Request))
#34 D:\UPUPW_K1.9\htdocs\xhplusadmin\vendor\laravel\framework\src\Illuminate\Routing\Pipeline.php(32): call_user_func(Object(Closure), Object(Illuminate\Http\Request))
#35 D:\UPUPW_K1.9\htdocs\xhplusadmin\vendor\laravel\framework\src\Illuminate\View\Middleware\ShareErrorsFromSession.php(49): Illuminate\Routing\Pipeline->Illuminate\Routing\{closure}(Object(Illuminate\Http\Request))
#36 [internal function]: Illuminate\View\Middleware\ShareErrorsFromSession->handle(Object(Illuminate\Http\Request), Object(Closure))
#37 D:\UPUPW_K1.9\htdocs\xhplusadmin\vendor\laravel\framework\src\Illuminate\Pipeline\Pipeline.php(136): call_user_func_array(Array, Array)
#38 [internal function]: Illuminate\Pipeline\Pipeline->Illuminate\Pipeline\{closure}(Object(Illuminate\Http\Request))
#39 D:\UPUPW_K1.9\htdocs\xhplusadmin\vendor\laravel\framework\src\Illuminate\Routing\Pipeline.php(32): call_user_func(Object(Closure), Object(Illuminate\Http\Request))
#40 D:\UPUPW_K1.9\htdocs\xhplusadmin\vendor\laravel\framework\src\Illuminate\Session\Middleware\StartSession.php(64): Illuminate\Routing\Pipeline->Illuminate\Routing\{closure}(Object(Illuminate\Http\Request))
#41 [internal function]: Illuminate\Session\Middleware\StartSession->handle(Object(Illuminate\Http\Request), Object(Closure))
#42 D:\UPUPW_K1.9\htdocs\xhplusadmin\vendor\laravel\framework\src\Illuminate\Pipeline\Pipeline.php(136): call_user_func_array(Array, Array)
#43 [internal function]: Illuminate\Pipeline\Pipeline->Illuminate\Pipeline\{closure}(Object(Illuminate\Http\Request))
#44 D:\UPUPW_K1.9\htdocs\xhplusadmin\vendor\laravel\framework\src\Illuminate\Routing\Pipeline.php(32): call_user_func(Object(Closure), Object(Illuminate\Http\Request))
#45 D:\UPUPW_K1.9\htdocs\xhplusadmin\vendor\laravel\framework\src\Illuminate\Cookie\Middleware\AddQueuedCookiesToResponse.php(37): Illuminate\Routing\Pipeline->Illuminate\Routing\{closure}(Object(Illuminate\Http\Request))
#46 [internal function]: Illuminate\Cookie\Middleware\AddQueuedCookiesToResponse->handle(Object(Illuminate\Http\Request), Object(Closure))
#47 D:\UPUPW_K1.9\htdocs\xhplusadmin\vendor\laravel\framework\src\Illuminate\Pipeline\Pipeline.php(136): call_user_func_array(Array, Array)
#48 [internal function]: Illuminate\Pipeline\Pipeline->Illuminate\Pipeline\{closure}(Object(Illuminate\Http\Request))
#49 D:\UPUPW_K1.9\htdocs\xhplusadmin\vendor\laravel\framework\src\Illuminate\Routing\Pipeline.php(32): call_user_func(Object(Closure), Object(Illuminate\Http\Request))
#50 D:\UPUPW_K1.9\htdocs\xhplusadmin\vendor\laravel\framework\src\Illuminate\Cookie\Middleware\EncryptCookies.php(59): Illuminate\Routing\Pipeline->Illuminate\Routing\{closure}(Object(Illuminate\Http\Request))
#51 [internal function]: Illuminate\Cookie\Middleware\EncryptCookies->handle(Object(Illuminate\Http\Request), Object(Closure))
#52 D:\UPUPW_K1.9\htdocs\xhplusadmin\vendor\laravel\framework\src\Illuminate\Pipeline\Pipeline.php(136): call_user_func_array(Array, Array)
#53 [internal function]: Illuminate\Pipeline\Pipeline->Illuminate\Pipeline\{closure}(Object(Illuminate\Http\Request))
#54 D:\UPUPW_K1.9\htdocs\xhplusadmin\vendor\laravel\framework\src\Illuminate\Routing\Pipeline.php(32): call_user_func(Object(Closure), Object(Illuminate\Http\Request))
#55 [internal function]: Illuminate\Routing\Pipeline->Illuminate\Routing\{closure}(Object(Illuminate\Http\Request))
#56 D:\UPUPW_K1.9\htdocs\xhplusadmin\vendor\laravel\framework\src\Illuminate\Pipeline\Pipeline.php(102): call_user_func(Object(Closure), Object(Illuminate\Http\Request))
#57 D:\UPUPW_K1.9\htdocs\xhplusadmin\vendor\laravel\framework\src\Illuminate\Routing\Router.php(726): Illuminate\Pipeline\Pipeline->then(Object(Closure))
#58 D:\UPUPW_K1.9\htdocs\xhplusadmin\vendor\laravel\framework\src\Illuminate\Routing\Router.php(699): Illuminate\Routing\Router->runRouteWithinStack(Object(Illuminate\Routing\Route), Object(Illuminate\Http\Request))
#59 D:\UPUPW_K1.9\htdocs\xhplusadmin\vendor\laravel\framework\src\Illuminate\Routing\Router.php(675): Illuminate\Routing\Router->dispatchToRoute(Object(Illuminate\Http\Request))
#60 D:\UPUPW_K1.9\htdocs\xhplusadmin\vendor\laravel\framework\src\Illuminate\Foundation\Http\Kernel.php(246): Illuminate\Routing\Router->dispatch(Object(Illuminate\Http\Request))
#61 [internal function]: Illuminate\Foundation\Http\Kernel->Illuminate\Foundation\Http\{closure}(Object(Illuminate\Http\Request))
#62 D:\UPUPW_K1.9\htdocs\xhplusadmin\vendor\laravel\framework\src\Illuminate\Routing\Pipeline.php(52): call_user_func(Object(Closure), Object(Illuminate\Http\Request))
#63 D:\UPUPW_K1.9\htdocs\xhplusadmin\vendor\laravel\framework\src\Illuminate\Foundation\Http\Middleware\CheckForMaintenanceMode.php(44): Illuminate\Routing\Pipeline->Illuminate\Routing\{closure}(Object(Illuminate\Http\Request))
#64 [internal function]: Illuminate\Foundation\Http\Middleware\CheckForMaintenanceMode->handle(Object(Illuminate\Http\Request), Object(Closure))
#65 D:\UPUPW_K1.9\htdocs\xhplusadmin\vendor\laravel\framework\src\Illuminate\Pipeline\Pipeline.php(136): call_user_func_array(Array, Array)
#66 [internal function]: Illuminate\Pipeline\Pipeline->Illuminate\Pipeline\{closure}(Object(Illuminate\Http\Request))
#67 D:\UPUPW_K1.9\htdocs\xhplusadmin\vendor\laravel\framework\src\Illuminate\Routing\Pipeline.php(32): call_user_func(Object(Closure), Object(Illuminate\Http\Request))
#68 [internal function]: Illuminate\Routing\Pipeline->Illuminate\Routing\{closure}(Object(Illuminate\Http\Request))
#69 D:\UPUPW_K1.9\htdocs\xhplusadmin\vendor\laravel\framework\src\Illuminate\Pipeline\Pipeline.php(102): call_user_func(Object(Closure), Object(Illuminate\Http\Request))
#70 D:\UPUPW_K1.9\htdocs\xhplusadmin\vendor\laravel\framework\src\Illuminate\Foundation\Http\Kernel.php(132): Illuminate\Pipeline\Pipeline->then(Object(Closure))
#71 D:\UPUPW_K1.9\htdocs\xhplusadmin\vendor\laravel\framework\src\Illuminate\Foundation\Http\Kernel.php(99): Illuminate\Foundation\Http\Kernel->sendRequestThroughRouter(Object(Illuminate\Http\Request))
#72 D:\UPUPW_K1.9\htdocs\xhplusadmin\public\index.php(53): Illuminate\Foundation\Http\Kernel->handle(Object(Illuminate\Http\Request))
#73 {main}

Next Illuminate\Database\QueryException: SQLSTATE[42S22]: Column not found: 1054 Unknown column 'telecom_order.deleted_at' in 'where clause' (SQL: select count(*) as aggregate from `telecom_order` left join `telecom_package` on `telecom_package`.`package_id` = `telecom_order`.`package_id` left join `user` as `transactor` on `transactor`.`transactor` = `telecom_order`.`transactor` left join `user` on `user`.`uid` = `telecom_order`.`uid` where `telecom_order`.`deleted_at` is null) in D:\UPUPW_K1.9\htdocs\xhplusadmin\vendor\laravel\framework\src\Illuminate\Database\Connection.php:725
Stack trace:
#0 D:\UPUPW_K1.9\htdocs\xhplusadmin\vendor\laravel\framework\src\Illuminate\Database\Connection.php(681): Illuminate\Database\Connection->runQueryCallback('select count(*)...', Array, Object(Closure))
#1 D:\UPUPW_K1.9\htdocs\xhplusadmin\vendor\laravel\framework\src\Illuminate\Database\Connection.php(347): Illuminate\Database\Connection->run('select count(*)...', Array, Object(Closure))
#2 D:\UPUPW_K1.9\htdocs\xhplusadmin\vendor\laravel\framework\src\Illuminate\Database\Query\Builder.php(1583): Illuminate\Database\Connection->select('select count(*)...', Array, true)
#3 D:\UPUPW_K1.9\htdocs\xhplusadmin\vendor\laravel\framework\src\Illuminate\Database\Query\Builder.php(1569): Illuminate\Database\Query\Builder->runSelect()
#4 D:\UPUPW_K1.9\htdocs\xhplusadmin\vendor\laravel\framework\src\Illuminate\Database\Query\Builder.php(1644): Illuminate\Database\Query\Builder->get()
#5 D:\UPUPW_K1.9\htdocs\xhplusadmin\vendor\laravel\framework\src\Illuminate\Database\Eloquent\Builder.php(491): Illuminate\Database\Query\Builder->getCountForPagination()
#6 D:\UPUPW_K1.9\htdocs\xhplusadmin\app\Repositories\TelecomOrderRepositoryEloquent.php(34): Illuminate\Database\Eloquent\Builder->paginate(20)
#7 D:\UPUPW_K1.9\htdocs\xhplusadmin\app\Http\Controllers\Admin\TelecomController.php(133): App\Repositories\TelecomOrderRepositoryEloquent->getTelecomOrders()
#8 [internal function]: App\Http\Controllers\Admin\TelecomController->order()
#9 D:\UPUPW_K1.9\htdocs\xhplusadmin\vendor\laravel\framework\src\Illuminate\Routing\Controller.php(80): call_user_func_array(Array, Array)
#10 D:\UPUPW_K1.9\htdocs\xhplusadmin\vendor\laravel\framework\src\Illuminate\Routing\ControllerDispatcher.php(146): Illuminate\Routing\Controller->callAction('order', Array)
#11 D:\UPUPW_K1.9\htdocs\xhplusadmin\vendor\laravel\framework\src\Illuminate\Routing\ControllerDispatcher.php(94): Illuminate\Routing\ControllerDispatcher->call(Object(App\Http\Controllers\Admin\TelecomController), Object(Illuminate\Routing\Route), 'order')
#12 [internal function]: Illuminate\Routing\ControllerDispatcher->Illuminate\Routing\{closure}(Object(Illuminate\Http\Request))
#13 D:\UPUPW_K1.9\htdocs\xhplusadmin\vendor\laravel\framework\src\Illuminate\Routing\Pipeline.php(52): call_user_func(Object(Closure), Object(Illuminate\Http\Request))
#14 D:\UPUPW_K1.9\htdocs\xhplusadmin\app\Http\Middleware\AuthenticateAdmin.php(25): Illuminate\Routing\Pipeline->Illuminate\Routing\{closure}(Object(Illuminate\Http\Request))
#15 [internal function]: App\Http\Middleware\AuthenticateAdmin->handle(Object(Illuminate\Http\Request), Object(Closure))
#16 D:\UPUPW_K1.9\htdocs\xhplusadmin\vendor\laravel\framework\src\Illuminate\Pipeline\Pipeline.php(136): call_user_func_array(Array, Array)
#17 [internal function]: Illuminate\Pipeline\Pipeline->Illuminate\Pipeline\{closure}(Object(Illuminate\Http\Request))
#18 D:\UPUPW_K1.9\htdocs\xhplusadmin\vendor\laravel\framework\src\Illuminate\Routing\Pipeline.php(32): call_user_func(Object(Closure), Object(Illuminate\Http\Request))
#19 [internal function]: Illuminate\Routing\Pipeline->Illuminate\Routing\{closure}(Object(Illuminate\Http\Request))
#20 D:\UPUPW_K1.9\htdocs\xhplusadmin\vendor\laravel\framework\src\Illuminate\Pipeline\Pipeline.php(102): call_user_func(Object(Closure), Object(Illuminate\Http\Request))
#21 D:\UPUPW_K1.9\htdocs\xhplusadmin\vendor\laravel\framework\src\Illuminate\Routing\ControllerDispatcher.php(96): Illuminate\Pipeline\Pipeline->then(Object(Closure))
#22 D:\UPUPW_K1.9\htdocs\xhplusadmin\vendor\laravel\framework\src\Illuminate\Routing\ControllerDispatcher.php(54): Illuminate\Routing\ControllerDispatcher->callWithinStack(Object(App\Http\Controllers\Admin\TelecomController), Object(Illuminate\Routing\Route), Object(Illuminate\Http\Request), 'order')
#23 D:\UPUPW_K1.9\htdocs\xhplusadmin\vendor\laravel\framework\src\Illuminate\Routing\Route.php(174): Illuminate\Routing\ControllerDispatcher->dispatch(Object(Illuminate\Routing\Route), Object(Illuminate\Http\Request), 'App\\Http\\Contro...', 'order')
#24 D:\UPUPW_K1.9\htdocs\xhplusadmin\vendor\laravel\framework\src\Illuminate\Routing\Route.php(140): Illuminate\Routing\Route->runController(Object(Illuminate\Http\Request))
#25 D:\UPUPW_K1.9\htdocs\xhplusadmin\vendor\laravel\framework\src\Illuminate\Routing\Router.php(724): Illuminate\Routing\Route->run(Object(Illuminate\Http\Request))
#26 [internal function]: Illuminate\Routing\Router->Illuminate\Routing\{closure}(Object(Illuminate\Http\Request))
#27 D:\UPUPW_K1.9\htdocs\xhplusadmin\vendor\laravel\framework\src\Illuminate\Routing\Pipeline.php(52): call_user_func(Object(Closure), Object(Illuminate\Http\Request))
#28 D:\UPUPW_K1.9\htdocs\xhplusadmin\vendor\spatie\laravel-pjax\src\Middleware\FilterIfPjax.php(29): Illuminate\Routing\Pipeline->Illuminate\Routing\{closure}(Object(Illuminate\Http\Request))
#29 [internal function]: Spatie\Pjax\Middleware\FilterIfPjax->handle(Object(Illuminate\Http\Request), Object(Closure))
#30 D:\UPUPW_K1.9\htdocs\xhplusadmin\vendor\laravel\framework\src\Illuminate\Pipeline\Pipeline.php(136): call_user_func_array(Array, Array)
#31 [internal function]: Illuminate\Pipeline\Pipeline->Illuminate\Pipeline\{closure}(Object(Illuminate\Http\Request))
#32 D:\UPUPW_K1.9\htdocs\xhplusadmin\vendor\laravel\framework\src\Illuminate\Routing\Pipeline.php(32): call_user_func(Object(Closure), Object(Illuminate\Http\Request))
#33 D:\UPUPW_K1.9\htdocs\xhplusadmin\vendor\laravel\framework\src\Illuminate\View\Middleware\ShareErrorsFromSession.php(49): Illuminate\Routing\Pipeline->Illuminate\Routing\{closure}(Object(Illuminate\Http\Request))
#34 [internal function]: Illuminate\View\Middleware\ShareErrorsFromSession->handle(Object(Illuminate\Http\Request), Object(Closure))
#35 D:\UPUPW_K1.9\htdocs\xhplusadmin\vendor\laravel\framework\src\Illuminate\Pipeline\Pipeline.php(136): call_user_func_array(Array, Array)
#36 [internal function]: Illuminate\Pipeline\Pipeline->Illuminate\Pipeline\{closure}(Object(Illuminate\Http\Request))
#37 D:\UPUPW_K1.9\htdocs\xhplusadmin\vendor\laravel\framework\src\Illuminate\Routing\Pipeline.php(32): call_user_func(Object(Closure), Object(Illuminate\Http\Request))
#38 D:\UPUPW_K1.9\htdocs\xhplusadmin\vendor\laravel\framework\src\Illuminate\Session\Middleware\StartSession.php(64): Illuminate\Routing\Pipeline->Illuminate\Routing\{closure}(Object(Illuminate\Http\Request))
#39 [internal function]: Illuminate\Session\Middleware\StartSession->handle(Object(Illuminate\Http\Request), Object(Closure))
#40 D:\UPUPW_K1.9\htdocs\xhplusadmin\vendor\laravel\framework\src\Illuminate\Pipeline\Pipeline.php(136): call_user_func_array(Array, Array)
#41 [internal function]: Illuminate\Pipeline\Pipeline->Illuminate\Pipeline\{closure}(Object(Illuminate\Http\Request))
#42 D:\UPUPW_K1.9\htdocs\xhplusadmin\vendor\laravel\framework\src\Illuminate\Routing\Pipeline.php(32): call_user_func(Object(Closure), Object(Illuminate\Http\Request))
#43 D:\UPUPW_K1.9\htdocs\xhplusadmin\vendor\laravel\framework\src\Illuminate\Cookie\Middleware\AddQueuedCookiesToResponse.php(37): Illuminate\Routing\Pipeline->Illuminate\Routing\{closure}(Object(Illuminate\Http\Request))
#44 [internal function]: Illuminate\Cookie\Middleware\AddQueuedCookiesToResponse->handle(Object(Illuminate\Http\Request), Object(Closure))
#45 D:\UPUPW_K1.9\htdocs\xhplusadmin\vendor\laravel\framework\src\Illuminate\Pipeline\Pipeline.php(136): call_user_func_array(Array, Array)
#46 [internal function]: Illuminate\Pipeline\Pipeline->Illuminate\Pipeline\{closure}(Object(Illuminate\Http\Request))
#47 D:\UPUPW_K1.9\htdocs\xhplusadmin\vendor\laravel\framework\src\Illuminate\Routing\Pipeline.php(32): call_user_func(Object(Closure), Object(Illuminate\Http\Request))
#48 D:\UPUPW_K1.9\htdocs\xhplusadmin\vendor\laravel\framework\src\Illuminate\Cookie\Middleware\EncryptCookies.php(59): Illuminate\Routing\Pipeline->Illuminate\Routing\{closure}(Object(Illuminate\Http\Request))
#49 [internal function]: Illuminate\Cookie\Middleware\EncryptCookies->handle(Object(Illuminate\Http\Request), Object(Closure))
#50 D:\UPUPW_K1.9\htdocs\xhplusadmin\vendor\laravel\framework\src\Illuminate\Pipeline\Pipeline.php(136): call_user_func_array(Array, Array)
#51 [internal function]: Illuminate\Pipeline\Pipeline->Illuminate\Pipeline\{closure}(Object(Illuminate\Http\Request))
#52 D:\UPUPW_K1.9\htdocs\xhplusadmin\vendor\laravel\framework\src\Illuminate\Routing\Pipeline.php(32): call_user_func(Object(Closure), Object(Illuminate\Http\Request))
#53 [internal function]: Illuminate\Routing\Pipeline->Illuminate\Routing\{closure}(Object(Illuminate\Http\Request))
#54 D:\UPUPW_K1.9\htdocs\xhplusadmin\vendor\laravel\framework\src\Illuminate\Pipeline\Pipeline.php(102): call_user_func(Object(Closure), Object(Illuminate\Http\Request))
#55 D:\UPUPW_K1.9\htdocs\xhplusadmin\vendor\laravel\framework\src\Illuminate\Routing\Router.php(726): Illuminate\Pipeline\Pipeline->then(Object(Closure))
#56 D:\UPUPW_K1.9\htdocs\xhplusadmin\vendor\laravel\framework\src\Illuminate\Routing\Router.php(699): Illuminate\Routing\Router->runRouteWithinStack(Object(Illuminate\Routing\Route), Object(Illuminate\Http\Request))
#57 D:\UPUPW_K1.9\htdocs\xhplusadmin\vendor\laravel\framework\src\Illuminate\Routing\Router.php(675): Illuminate\Routing\Router->dispatchToRoute(Object(Illuminate\Http\Request))
#58 D:\UPUPW_K1.9\htdocs\xhplusadmin\vendor\laravel\framework\src\Illuminate\Foundation\Http\Kernel.php(246): Illuminate\Routing\Router->dispatch(Object(Illuminate\Http\Request))
#59 [internal function]: Illuminate\Foundation\Http\Kernel->Illuminate\Foundation\Http\{closure}(Object(Illuminate\Http\Request))
#60 D:\UPUPW_K1.9\htdocs\xhplusadmin\vendor\laravel\framework\src\Illuminate\Routing\Pipeline.php(52): call_user_func(Object(Closure), Object(Illuminate\Http\Request))
#61 D:\UPUPW_K1.9\htdocs\xhplusadmin\vendor\laravel\framework\src\Illuminate\Foundation\Http\Middleware\CheckForMaintenanceMode.php(44): Illuminate\Routing\Pipeline->Illuminate\Routing\{closure}(Object(Illuminate\Http\Request))
#62 [internal function]: Illuminate\Foundation\Http\Middleware\CheckForMaintenanceMode->handle(Object(Illuminate\Http\Request), Object(Closure))
#63 D:\UPUPW_K1.9\htdocs\xhplusadmin\vendor\laravel\framework\src\Illuminate\Pipeline\Pipeline.php(136): call_user_func_array(Array, Array)
#64 [internal function]: Illuminate\Pipeline\Pipeline->Illuminate\Pipeline\{closure}(Object(Illuminate\Http\Request))
#65 D:\UPUPW_K1.9\htdocs\xhplusadmin\vendor\laravel\framework\src\Illuminate\Routing\Pipeline.php(32): call_user_func(Object(Closure), Object(Illuminate\Http\Request))
#66 [internal function]: Illuminate\Routing\Pipeline->Illuminate\Routing\{closure}(Object(Illuminate\Http\Request))
#67 D:\UPUPW_K1.9\htdocs\xhplusadmin\vendor\laravel\framework\src\Illuminate\Pipeline\Pipeline.php(102): call_user_func(Object(Closure), Object(Illuminate\Http\Request))
#68 D:\UPUPW_K1.9\htdocs\xhplusadmin\vendor\laravel\framework\src\Illuminate\Foundation\Http\Kernel.php(132): Illuminate\Pipeline\Pipeline->then(Object(Closure))
#69 D:\UPUPW_K1.9\htdocs\xhplusadmin\vendor\laravel\framework\src\Illuminate\Foundation\Http\Kernel.php(99): Illuminate\Foundation\Http\Kernel->sendRequestThroughRouter(Object(Illuminate\Http\Request))
#70 D:\UPUPW_K1.9\htdocs\xhplusadmin\public\index.php(53): Illuminate\Foundation\Http\Kernel->handle(Object(Illuminate\Http\Request))
#71 {main}  
